<?xml version="1.0" encoding="UTF-8"?>
<testsuite xmlns:xsi="http://www.w3.org/2001/XMLSchema-instance" xsi:noNamespaceSchemaLocation="https://maven.apache.org/surefire/maven-surefire-plugin/xsd/surefire-test-report-3.0.xsd" version="3.0" name="com.mycompany.model.PayrollTest" time="0.107" tests="35" errors="0" skipped="0" failures="0">
  <properties>
[...]
</properties>
  <testcase name="testGetSuperAnnuation" classname="com.mycompany.model.PayrollTest" time="0.034"/>
  <testcase name="testSetEmployeeId" classname="com.mycompany.model.PayrollTest" time="0.001"/>
  <testcase name="testGetYtdNetPay" classname="com.mycompany.model.PayrollTest" time="0"/>
  <testcase name="testYtdCalculationWithNullLastPayroll" classname="com.mycompany.model.PayrollTest" time="0.001"/>
  <testcase name="testSetPayrollId" classname="com.mycompany.model.PayrollTest" time="0.001"/>
  <testcase name="testToString" classname="com.mycompany.model.PayrollTest" time="0.02"/>
  <testcase name="testCalculateIncomeTax" classname="com.mycompany.model.PayrollTest" time="0.001"/>
  <testcase name="testGetYear" classname="com.mycompany.model.PayrollTest" time="0.001"/>
  <testcase name="testGetPayDate" classname="com.mycompany.model.PayrollTest" time="0.001"/>
  <testcase name="testSetHoursWorked" classname="com.mycompany.model.PayrollTest" time="0.001"/>
  <testcase name="testSetYtdNetPay" classname="com.mycompany.model.PayrollTest" time="0.001"/>
  <testcase name="testSetTotalSalary" classname="com.mycompany.model.PayrollTest" time="0"/>
  <testcase name="testCalculateSuperannuation" classname="com.mycompany.model.PayrollTest" time="0"/>
  <testcase name="testGetPayWeekNum" classname="com.mycompany.model.PayrollTest" time="0.001"/>
  <testcase name="testYtdCalculationWithLastPayroll" classname="com.mycompany.model.PayrollTest" time="0.001"/>
  <testcase name="testSetYtdSuperAnnuation" classname="com.mycompany.model.PayrollTest" time="0.001"/>
  <testcase name="testSetYtdTotalSalary" classname="com.mycompany.model.PayrollTest" time="0"/>
  <testcase name="testGetPayrollId" classname="com.mycompany.model.PayrollTest" time="0"/>
  <testcase name="testSetNetPay" classname="com.mycompany.model.PayrollTest" time="0"/>
  <testcase name="testGetNetPay" classname="com.mycompany.model.PayrollTest" time="0"/>
  <testcase name="testGetTax" classname="com.mycompany.model.PayrollTest" time="0"/>
  <testcase name="testSetYtdTax" classname="com.mycompany.model.PayrollTest" time="0"/>
  <testcase name="testSetPayDate" classname="com.mycompany.model.PayrollTest" time="0.001"/>
  <testcase name="testGetYtdSuperAnnuation" classname="com.mycompany.model.PayrollTest" time="0.001"/>
  <testcase name="testSetCurrentHourlyRate" classname="com.mycompany.model.PayrollTest" time="0"/>
  <testcase name="testGetHoursWorked" classname="com.mycompany.model.PayrollTest" time="0"/>
  <testcase name="testSetSuperAnnuation" classname="com.mycompany.model.PayrollTest" time="0"/>
  <testcase name="testSetYear" classname="com.mycompany.model.PayrollTest" time="0.001"/>
  <testcase name="testSetPayWeekNum" classname="com.mycompany.model.PayrollTest" time="0"/>
  <testcase name="testGetYtdTax" classname="com.mycompany.model.PayrollTest" time="0"/>
  <testcase name="testGetTotalSalary" classname="com.mycompany.model.PayrollTest" time="0"/>
  <testcase name="testSetTax" classname="com.mycompany.model.PayrollTest" time="0"/>
  <testcase name="testGetEmployeeId" classname="com.mycompany.model.PayrollTest" time="0.001"/>
  <testcase name="testGetYtdTotalSalary" classname="com.mycompany.model.PayrollTest" time="0"/>
  <testcase name="testGetCurrentHourlyRate" classname="com.mycompany.model.PayrollTest" time="0"/>
</testsuite>